<?xml version="1.0" encoding="UTF-8"?>
<!-- Generated by org.testng.reporters.JUnitXMLReporter -->
<testsuite ignored="4" hostname="LAPTOP-DRCHTFOG" failures="0" tests="1" name="Default test" time="11.306" errors="0" timestamp="2023-01-31T11:14:40 IST">
  <testcase classname="selenium.Login" name="login_page" time="8.311"/>
  <testcase classname="selenium.Login" name="navigate" time="0.0">
    <ignored/>
  </testcase> <!-- navigate -->
  <testcase classname="selenium.Login" name="linktext" time="0.0">
    <ignored/>
  </testcase> <!-- linktext -->
  <testcase classname="selenium.Login" name="login" time="0.0">
    <ignored/>
  </testcase> <!-- login -->
  <testcase classname="selenium.Login" name="partiallinktext" time="0.0">
    <ignored/>
  </testcase> <!-- partiallinktext -->
</testsuite> <!-- Default test -->
