<?xml version="1.0" encoding="UTF-8"?>
<testng-results ignored="4" total="5" passed="1" failed="0" skipped="0">
  <reporter-output>
  </reporter-output>
  <suite started-at="2023-01-31T11:14:29 IST" name="Default suite" finished-at="2023-01-31T11:14:40 IST" duration-ms="11306">
    <groups>
    </groups>
    <test started-at="2023-01-31T11:14:29 IST" name="Default test" finished-at="2023-01-31T11:14:40 IST" duration-ms="11306">
      <class name="selenium.Login">
        <test-method is-config="true" signature="setup()[pri:0, instance:selenium.Login@209da20d]" started-at="2023-01-31T11:14:29 IST" name="setup" finished-at="2023-01-31T11:14:32 IST" duration-ms="2947" status="PASS">
          <reporter-output>
          </reporter-output>
        </test-method> <!-- setup -->
        <test-method signature="login_page()[pri:0, instance:selenium.Login@209da20d]" started-at="2023-01-31T11:14:32 IST" name="login_page" finished-at="2023-01-31T11:14:40 IST" duration-ms="8311" status="PASS">
          <reporter-output>
          </reporter-output>
        </test-method> <!-- login_page -->
      </class> <!-- selenium.Login -->
    </test> <!-- Default test -->
  </suite> <!-- Default suite -->
</testng-results>
